mode: set
github.com/kristenwomack/reading-app/backend/internal/handlers/admin.go:16.31,18.2 1 1
github.com/kristenwomack/reading-app/backend/internal/handlers/admin.go:21.61,22.54 1 1
github.com/kristenwomack/reading-app/backend/internal/handlers/admin.go:22.54,23.31 1 1
github.com/kristenwomack/reading-app/backend/internal/handlers/admin.go:23.31,26.4 2 1
github.com/kristenwomack/reading-app/backend/internal/handlers/admin.go:27.3,27.13 1 1
github.com/kristenwomack/reading-app/backend/internal/handlers/admin.go:32.52,33.33 1 1
github.com/kristenwomack/reading-app/backend/internal/handlers/admin.go:33.33,36.3 2 1
github.com/kristenwomack/reading-app/backend/internal/handlers/admin.go:38.2,41.61 2 1
github.com/kristenwomack/reading-app/backend/internal/handlers/admin.go:41.61,44.3 2 1
github.com/kristenwomack/reading-app/backend/internal/handlers/admin.go:46.2,46.57 1 1
github.com/kristenwomack/reading-app/backend/internal/handlers/admin.go:46.57,49.3 2 1
github.com/kristenwomack/reading-app/backend/internal/handlers/admin.go:51.2,52.16 2 1
github.com/kristenwomack/reading-app/backend/internal/handlers/admin.go:52.16,55.3 2 0
github.com/kristenwomack/reading-app/backend/internal/handlers/admin.go:57.2,60.61 3 1
github.com/kristenwomack/reading-app/backend/internal/handlers/admin.go:64.53,65.33 1 1
github.com/kristenwomack/reading-app/backend/internal/handlers/admin.go:65.33,68.3 2 1
github.com/kristenwomack/reading-app/backend/internal/handlers/admin.go:70.2,73.61 3 1
github.com/kristenwomack/reading-app/backend/internal/handlers/admin.go:77.56,81.2 3 1
github.com/kristenwomack/reading-app/backend/internal/handlers/admin.go:102.57,103.33 1 1
github.com/kristenwomack/reading-app/backend/internal/handlers/admin.go:103.33,106.3 2 1
github.com/kristenwomack/reading-app/backend/internal/handlers/admin.go:108.2,109.61 2 1
github.com/kristenwomack/reading-app/backend/internal/handlers/admin.go:109.61,112.3 2 1
github.com/kristenwomack/reading-app/backend/internal/handlers/admin.go:114.2,114.41 1 1
github.com/kristenwomack/reading-app/backend/internal/handlers/admin.go:114.41,117.3 2 1
github.com/kristenwomack/reading-app/backend/internal/handlers/admin.go:119.2,119.21 1 1
github.com/kristenwomack/reading-app/backend/internal/handlers/admin.go:119.21,121.3 1 0
github.com/kristenwomack/reading-app/backend/internal/handlers/admin.go:123.2,141.16 3 1
github.com/kristenwomack/reading-app/backend/internal/handlers/admin.go:141.16,144.3 2 0
github.com/kristenwomack/reading-app/backend/internal/handlers/admin.go:146.2,148.55 3 1
github.com/kristenwomack/reading-app/backend/internal/handlers/admin.go:152.57,153.32 1 1
github.com/kristenwomack/reading-app/backend/internal/handlers/admin.go:153.32,156.3 2 1
github.com/kristenwomack/reading-app/backend/internal/handlers/admin.go:159.2,161.16 3 1
github.com/kristenwomack/reading-app/backend/internal/handlers/admin.go:161.16,164.3 2 1
github.com/kristenwomack/reading-app/backend/internal/handlers/admin.go:166.2,167.61 2 1
github.com/kristenwomack/reading-app/backend/internal/handlers/admin.go:167.61,170.3 2 0
github.com/kristenwomack/reading-app/backend/internal/handlers/admin.go:172.2,190.51 2 1
github.com/kristenwomack/reading-app/backend/internal/handlers/admin.go:190.51,193.3 2 0
github.com/kristenwomack/reading-app/backend/internal/handlers/admin.go:195.2,196.61 2 1
github.com/kristenwomack/reading-app/backend/internal/handlers/admin.go:200.57,201.35 1 1
github.com/kristenwomack/reading-app/backend/internal/handlers/admin.go:201.35,204.3 2 1
github.com/kristenwomack/reading-app/backend/internal/handlers/admin.go:207.2,209.16 3 1
github.com/kristenwomack/reading-app/backend/internal/handlers/admin.go:209.16,212.3 2 1
github.com/kristenwomack/reading-app/backend/internal/handlers/admin.go:214.2,214.49 1 1
github.com/kristenwomack/reading-app/backend/internal/handlers/admin.go:214.49,217.3 2 0
github.com/kristenwomack/reading-app/backend/internal/handlers/admin.go:219.2,220.61 2 1
github.com/kristenwomack/reading-app/backend/internal/handlers/admin.go:224.58,225.32 1 0
github.com/kristenwomack/reading-app/backend/internal/handlers/admin.go:225.32,228.3 2 0
github.com/kristenwomack/reading-app/backend/internal/handlers/admin.go:230.2,231.16 2 0
github.com/kristenwomack/reading-app/backend/internal/handlers/admin.go:231.16,234.3 2 0
github.com/kristenwomack/reading-app/backend/internal/handlers/admin.go:236.2,238.34 3 0
github.com/kristenwomack/reading-app/backend/internal/handlers/admin.go:242.54,243.32 1 1
github.com/kristenwomack/reading-app/backend/internal/handlers/admin.go:243.32,246.3 2 1
github.com/kristenwomack/reading-app/backend/internal/handlers/admin.go:249.2,251.16 3 1
github.com/kristenwomack/reading-app/backend/internal/handlers/admin.go:251.16,254.3 2 1
github.com/kristenwomack/reading-app/backend/internal/handlers/admin.go:256.2,257.16 2 1
github.com/kristenwomack/reading-app/backend/internal/handlers/admin.go:257.16,260.3 2 0
github.com/kristenwomack/reading-app/backend/internal/handlers/admin.go:262.2,263.17 2 1
github.com/kristenwomack/reading-app/backend/internal/handlers/admin.go:263.17,265.3 1 1
github.com/kristenwomack/reading-app/backend/internal/handlers/admin.go:265.8,267.3 1 1
github.com/kristenwomack/reading-app/backend/internal/handlers/admin.go:271.54,272.33 1 1
github.com/kristenwomack/reading-app/backend/internal/handlers/admin.go:272.33,275.3 2 1
github.com/kristenwomack/reading-app/backend/internal/handlers/admin.go:277.2,281.61 2 1
github.com/kristenwomack/reading-app/backend/internal/handlers/admin.go:281.61,284.3 2 0
github.com/kristenwomack/reading-app/backend/internal/handlers/admin.go:286.2,286.40 1 1
github.com/kristenwomack/reading-app/backend/internal/handlers/admin.go:286.40,289.3 2 1
github.com/kristenwomack/reading-app/backend/internal/handlers/admin.go:291.2,291.20 1 1
github.com/kristenwomack/reading-app/backend/internal/handlers/admin.go:291.20,294.3 2 1
github.com/kristenwomack/reading-app/backend/internal/handlers/admin.go:296.2,296.64 1 1
github.com/kristenwomack/reading-app/backend/internal/handlers/admin.go:296.64,299.3 2 0
github.com/kristenwomack/reading-app/backend/internal/handlers/admin.go:301.2,302.61 2 1
github.com/kristenwomack/reading-app/backend/internal/handlers/handlers.go:15.31,17.2 1 1
github.com/kristenwomack/reading-app/backend/internal/handlers/handlers.go:20.30,21.22 1 1
github.com/kristenwomack/reading-app/backend/internal/handlers/handlers.go:21.22,23.40 2 0
github.com/kristenwomack/reading-app/backend/internal/handlers/handlers.go:23.40,25.4 1 0
github.com/kristenwomack/reading-app/backend/internal/handlers/handlers.go:27.2,27.20 1 1
github.com/kristenwomack/reading-app/backend/internal/handlers/handlers.go:31.62,33.32 2 0
github.com/kristenwomack/reading-app/backend/internal/handlers/handlers.go:33.32,50.3 1 0
github.com/kristenwomack/reading-app/backend/internal/handlers/handlers.go:51.2,51.15 1 0
github.com/kristenwomack/reading-app/backend/internal/handlers/handlers.go:55.55,58.34 2 1
github.com/kristenwomack/reading-app/backend/internal/handlers/handlers.go:58.34,59.50 1 1
github.com/kristenwomack/reading-app/backend/internal/handlers/handlers.go:59.50,60.12 1 1
github.com/kristenwomack/reading-app/backend/internal/handlers/handlers.go:63.3,64.17 2 1
github.com/kristenwomack/reading-app/backend/internal/handlers/handlers.go:64.17,65.12 1 0
github.com/kristenwomack/reading-app/backend/internal/handlers/handlers.go:68.3,68.26 1 1
github.com/kristenwomack/reading-app/backend/internal/handlers/handlers.go:71.2,77.38 3 1
github.com/kristenwomack/reading-app/backend/internal/handlers/handlers.go:77.38,79.3 1 1
github.com/kristenwomack/reading-app/backend/internal/handlers/handlers.go:81.2,86.37 3 1
github.com/kristenwomack/reading-app/backend/internal/handlers/handlers.go:90.55,92.19 2 1
github.com/kristenwomack/reading-app/backend/internal/handlers/handlers.go:92.19,95.3 2 1
github.com/kristenwomack/reading-app/backend/internal/handlers/handlers.go:97.2,98.16 2 1
github.com/kristenwomack/reading-app/backend/internal/handlers/handlers.go:98.16,101.3 2 1
github.com/kristenwomack/reading-app/backend/internal/handlers/handlers.go:104.2,107.20 4 1
github.com/kristenwomack/reading-app/backend/internal/handlers/handlers.go:107.20,109.3 1 1
github.com/kristenwomack/reading-app/backend/internal/handlers/handlers.go:111.2,116.23 4 1
github.com/kristenwomack/reading-app/backend/internal/handlers/handlers.go:116.23,118.3 1 1
github.com/kristenwomack/reading-app/backend/internal/handlers/handlers.go:118.8,120.3 1 1
github.com/kristenwomack/reading-app/backend/internal/handlers/handlers.go:122.2,135.37 3 1
github.com/kristenwomack/reading-app/backend/internal/handlers/handlers.go:135.37,139.51 2 1
github.com/kristenwomack/reading-app/backend/internal/handlers/handlers.go:139.51,140.12 1 1
github.com/kristenwomack/reading-app/backend/internal/handlers/handlers.go:144.3,146.17 3 1
github.com/kristenwomack/reading-app/backend/internal/handlers/handlers.go:146.17,148.4 1 1
github.com/kristenwomack/reading-app/backend/internal/handlers/handlers.go:150.3,159.5 1 1
github.com/kristenwomack/reading-app/backend/internal/handlers/handlers.go:162.2,167.37 3 1
github.com/kristenwomack/reading-app/backend/internal/handlers/handlers.go:171.38,172.50 1 1
github.com/kristenwomack/reading-app/backend/internal/handlers/handlers.go:172.50,174.3 1 1
github.com/kristenwomack/reading-app/backend/internal/handlers/handlers.go:175.2,175.49 1 0
github.com/kristenwomack/reading-app/backend/internal/handlers/handlers.go:175.49,177.3 1 0
github.com/kristenwomack/reading-app/backend/internal/handlers/handlers.go:178.2,178.48 1 0
github.com/kristenwomack/reading-app/backend/internal/handlers/handlers.go:178.48,180.3 1 0
github.com/kristenwomack/reading-app/backend/internal/handlers/handlers.go:181.2,181.11 1 0
github.com/kristenwomack/reading-app/backend/internal/handlers/handlers.go:185.55,187.19 2 1
github.com/kristenwomack/reading-app/backend/internal/handlers/handlers.go:187.19,190.3 2 1
github.com/kristenwomack/reading-app/backend/internal/handlers/handlers.go:192.2,193.16 2 1
github.com/kristenwomack/reading-app/backend/internal/handlers/handlers.go:193.16,196.3 2 1
github.com/kristenwomack/reading-app/backend/internal/handlers/handlers.go:198.2,213.37 7 1
github.com/kristenwomack/reading-app/backend/internal/store/import.go:12.69,15.16 2 0
github.com/kristenwomack/reading-app/backend/internal/store/import.go:15.16,17.3 1 0
github.com/kristenwomack/reading-app/backend/internal/store/import.go:18.2,18.15 1 0
github.com/kristenwomack/reading-app/backend/internal/store/import.go:18.15,20.3 1 0
github.com/kristenwomack/reading-app/backend/internal/store/import.go:22.2,23.31 2 0
github.com/kristenwomack/reading-app/backend/internal/store/import.go:23.31,41.38 2 0
github.com/kristenwomack/reading-app/backend/internal/store/import.go:41.38,42.12 1 0
github.com/kristenwomack/reading-app/backend/internal/store/import.go:45.3,45.45 1 0
github.com/kristenwomack/reading-app/backend/internal/store/import.go:45.45,47.4 1 0
github.com/kristenwomack/reading-app/backend/internal/store/import.go:48.3,48.13 1 0
github.com/kristenwomack/reading-app/backend/internal/store/import.go:52.2,54.22 2 0
github.com/kristenwomack/reading-app/backend/internal/store/import.go:58.37,59.14 1 0
github.com/kristenwomack/reading-app/backend/internal/store/import.go:59.14,61.3 1 0
github.com/kristenwomack/reading-app/backend/internal/store/import.go:62.2,62.25 1 0
github.com/kristenwomack/reading-app/backend/internal/store/import.go:63.14,64.13 1 0
github.com/kristenwomack/reading-app/backend/internal/store/import.go:65.15,66.33 1 0
github.com/kristenwomack/reading-app/backend/internal/store/import.go:66.33,68.4 1 0
github.com/kristenwomack/reading-app/backend/internal/store/import.go:69.3,69.47 1 0
github.com/kristenwomack/reading-app/backend/internal/store/import.go:70.11,71.27 1 0
github.com/kristenwomack/reading-app/backend/internal/store/import.go:72.13,73.36 1 0
github.com/kristenwomack/reading-app/backend/internal/store/import.go:74.10,75.30 1 0
github.com/kristenwomack/reading-app/backend/internal/store/import.go:80.31,81.14 1 0
github.com/kristenwomack/reading-app/backend/internal/store/import.go:81.14,83.3 1 0
github.com/kristenwomack/reading-app/backend/internal/store/import.go:84.2,84.25 1 0
github.com/kristenwomack/reading-app/backend/internal/store/import.go:85.15,86.18 1 0
github.com/kristenwomack/reading-app/backend/internal/store/import.go:87.11,88.13 1 0
github.com/kristenwomack/reading-app/backend/internal/store/import.go:89.13,90.18 1 0
github.com/kristenwomack/reading-app/backend/internal/store/import.go:91.14,92.46 1 0
github.com/kristenwomack/reading-app/backend/internal/store/import.go:92.46,94.4 1 0
github.com/kristenwomack/reading-app/backend/internal/store/import.go:95.3,95.11 1 0
github.com/kristenwomack/reading-app/backend/internal/store/import.go:96.10,97.11 1 0
github.com/kristenwomack/reading-app/backend/internal/store/import.go:102.53,104.48 1 0
github.com/kristenwomack/reading-app/backend/internal/store/import.go:104.48,106.3 1 0
github.com/kristenwomack/reading-app/backend/internal/store/import.go:107.2,107.46 1 0
github.com/kristenwomack/reading-app/backend/internal/store/import.go:107.46,109.3 1 0
github.com/kristenwomack/reading-app/backend/internal/store/import.go:110.2,110.11 1 0
github.com/kristenwomack/reading-app/backend/internal/store/store.go:38.41,40.16 2 1
github.com/kristenwomack/reading-app/backend/internal/store/store.go:40.16,42.3 1 0
github.com/kristenwomack/reading-app/backend/internal/store/store.go:45.2,45.91 1 1
github.com/kristenwomack/reading-app/backend/internal/store/store.go:45.91,47.3 1 0
github.com/kristenwomack/reading-app/backend/internal/store/store.go:49.2,50.40 2 1
github.com/kristenwomack/reading-app/backend/internal/store/store.go:50.40,52.3 1 0
github.com/kristenwomack/reading-app/backend/internal/store/store.go:54.2,54.19 1 1
github.com/kristenwomack/reading-app/backend/internal/store/store.go:58.31,60.2 1 1
github.com/kristenwomack/reading-app/backend/internal/store/store.go:63.33,101.2 3 1
github.com/kristenwomack/reading-app/backend/internal/store/store.go:104.47,112.16 2 1
github.com/kristenwomack/reading-app/backend/internal/store/store.go:112.16,114.3 1 0
github.com/kristenwomack/reading-app/backend/internal/store/store.go:115.2,118.18 3 1
github.com/kristenwomack/reading-app/backend/internal/store/store.go:118.18,126.17 3 1
github.com/kristenwomack/reading-app/backend/internal/store/store.go:126.17,128.4 1 0
github.com/kristenwomack/reading-app/backend/internal/store/store.go:129.3,129.27 1 1
github.com/kristenwomack/reading-app/backend/internal/store/store.go:131.2,131.26 1 1
github.com/kristenwomack/reading-app/backend/internal/store/store.go:135.50,148.26 3 1
github.com/kristenwomack/reading-app/backend/internal/store/store.go:148.26,150.3 1 1
github.com/kristenwomack/reading-app/backend/internal/store/store.go:151.2,151.16 1 1
github.com/kristenwomack/reading-app/backend/internal/store/store.go:151.16,153.3 1 0
github.com/kristenwomack/reading-app/backend/internal/store/store.go:154.2,154.16 1 1
github.com/kristenwomack/reading-app/backend/internal/store/store.go:158.52,167.16 2 1
github.com/kristenwomack/reading-app/backend/internal/store/store.go:167.16,169.3 1 0
github.com/kristenwomack/reading-app/backend/internal/store/store.go:170.2,170.30 1 1
github.com/kristenwomack/reading-app/backend/internal/store/store.go:174.43,186.2 2 1
github.com/kristenwomack/reading-app/backend/internal/store/store.go:189.44,192.2 2 1
github.com/kristenwomack/reading-app/backend/internal/store/store.go:195.56,198.26 3 1
github.com/kristenwomack/reading-app/backend/internal/store/store.go:198.26,200.3 1 1
github.com/kristenwomack/reading-app/backend/internal/store/store.go:201.2,201.19 1 1
github.com/kristenwomack/reading-app/backend/internal/store/store.go:205.53,211.2 2 1
github.com/kristenwomack/reading-app/backend/internal/store/store.go:214.42,218.2 3 1
github.com/kristenwomack/reading-app/backend/internal/store/store.go:227.50,230.26 3 1
github.com/kristenwomack/reading-app/backend/internal/store/store.go:230.26,232.3 1 1
github.com/kristenwomack/reading-app/backend/internal/store/store.go:233.2,233.16 1 1
github.com/kristenwomack/reading-app/backend/internal/store/store.go:233.16,235.3 1 0
github.com/kristenwomack/reading-app/backend/internal/store/store.go:236.2,236.16 1 1
github.com/kristenwomack/reading-app/backend/internal/store/store.go:240.53,246.2 2 1
github.com/kristenwomack/reading-app/backend/internal/auth/auth.go:21.13,24.48 2 1
github.com/kristenwomack/reading-app/backend/internal/auth/auth.go:24.48,25.57 1 0
github.com/kristenwomack/reading-app/backend/internal/auth/auth.go:35.40,37.20 2 1
github.com/kristenwomack/reading-app/backend/internal/auth/auth.go:37.20,39.3 1 1
github.com/kristenwomack/reading-app/backend/internal/auth/auth.go:40.2,41.16 2 1
github.com/kristenwomack/reading-app/backend/internal/auth/auth.go:41.16,43.3 1 0
github.com/kristenwomack/reading-app/backend/internal/auth/auth.go:44.2,44.26 1 1
github.com/kristenwomack/reading-app/backend/internal/auth/auth.go:48.43,50.20 2 1
github.com/kristenwomack/reading-app/backend/internal/auth/auth.go:50.20,52.3 1 1
github.com/kristenwomack/reading-app/backend/internal/auth/auth.go:53.2,53.26 1 1
github.com/kristenwomack/reading-app/backend/internal/auth/auth.go:53.26,55.3 1 1
github.com/kristenwomack/reading-app/backend/internal/auth/auth.go:56.2,56.12 1 1
github.com/kristenwomack/reading-app/backend/internal/auth/auth.go:60.38,71.2 3 1
github.com/kristenwomack/reading-app/backend/internal/auth/auth.go:74.46,75.104 1 1
github.com/kristenwomack/reading-app/backend/internal/auth/auth.go:75.104,77.3 1 1
github.com/kristenwomack/reading-app/backend/internal/auth/auth.go:78.2,78.16 1 1
github.com/kristenwomack/reading-app/backend/internal/auth/auth.go:78.16,80.3 1 1
github.com/kristenwomack/reading-app/backend/internal/auth/auth.go:81.2,81.18 1 1
github.com/kristenwomack/reading-app/backend/internal/auth/auth.go:81.18,83.3 1 0
github.com/kristenwomack/reading-app/backend/internal/auth/auth.go:84.2,84.12 1 1
github.com/kristenwomack/reading-app/backend/internal/auth/auth.go:88.57,98.2 1 1
github.com/kristenwomack/reading-app/backend/internal/auth/auth.go:101.45,109.2 1 1
github.com/kristenwomack/reading-app/backend/internal/auth/auth.go:112.50,114.16 2 1
github.com/kristenwomack/reading-app/backend/internal/auth/auth.go:114.16,116.3 1 1
github.com/kristenwomack/reading-app/backend/internal/auth/auth.go:117.2,117.21 1 1
github.com/kristenwomack/reading-app/backend/internal/auth/auth.go:121.44,123.17 2 1
github.com/kristenwomack/reading-app/backend/internal/auth/auth.go:123.17,125.3 1 1
github.com/kristenwomack/reading-app/backend/internal/auth/auth.go:126.2,126.36 1 1
github.com/kristenwomack/reading-app/backend/internal/auth/auth.go:130.33,134.2 3 1
